# JRE version: Java(TM) SE Runtime Environment (8.0_202-b08) (build 1.8.0_202-b08)
# Java VM: Java HotSpot(TM) 64-Bit Server VM (25.202-b08 mixed mode windows-amd64 compressed oops)
Heap:
 PSYoungGen      total 144384K, used 68980K [0x00000000f5580000, 0x0000000100000000, 0x0000000100000000)
  eden space 113152K, 60% used [0x00000000f5580000,0x00000000f98dd038,0x00000000fc400000)
  from space 31232K, 0% used [0x00000000fe180000,0x00000000fe180000,0x0000000100000000)
  to   space 30208K, 0% used [0x00000000fc400000,0x00000000fc400000,0x00000000fe180000)
 ParOldGen       total 254464K, used 72382K [0x00000000e0000000, 0x00000000ef880000, 0x00000000f5580000)
  object space 254464K, 28% used [0x00000000e0000000,0x00000000e46af900,0x00000000ef880000)
 Metaspace       used 89453K, capacity 98380K, committed 98600K, reserved 1134592K
  class space    used 11262K, capacity 13844K, committed 13984K, reserved 1048576K
GC Heap History (10 events):
Event: 79.839 GC heap before
{Heap before GC invocations=22 (full 3):
 PSYoungGen      total 141312K, used 133187K [0x00000000f5580000, 0x00000000ffe00000, 0x0000000100000000)
  eden space 113152K, 100% used [0x00000000f5580000,0x00000000fc400000,0x00000000fc400000)
  from space 28160K, 71% used [0x00000000fe280000,0x00000000ff610d40,0x00000000ffe00000)
  to   space 29696K, 0% used [0x00000000fc400000,0x00000000fc400000,0x00000000fe100000)
 ParOldGen       total 200704K, used 70049K [0x00000000e0000000, 0x00000000ec400000, 0x00000000f5580000)
  object space 200704K, 34% used [0x00000000e0000000,0x00000000e4468490,0x00000000ec400000)
 Metaspace       used 88412K, capacity 97326K, committed 97560K, reserved 1132544K
  class space    used 11210K, capacity 13782K, committed 13856K, reserved 1048576K
Event: 79.850 GC heap after
Heap after GC invocations=22 (full 3):
 PSYoungGen      total 142848K, used 20265K [0x00000000f5580000, 0x0000000100000000, 0x0000000100000000)
  eden space 113152K, 0% used [0x00000000f5580000,0x00000000f5580000,0x00000000fc400000)
  from space 29696K, 68% used [0x00000000fc400000,0x00000000fd7ca528,0x00000000fe100000)
  to   space 29696K, 0% used [0x00000000fe300000,0x00000000fe300000,0x0000000100000000)
 ParOldGen       total 200704K, used 70057K [0x00000000e0000000, 0x00000000ec400000, 0x00000000f5580000)
  object space 200704K, 34% used [0x00000000e0000000,0x00000000e446a490,0x00000000ec400000)
 Metaspace       used 88412K, capacity 97326K, committed 97560K, reserved 1132544K
  class space    used 11210K, capacity 13782K, committed 13856K, reserved 1048576K
}
Event: 80.048 GC heap before
{Heap before GC invocations=23 (full 3):
 PSYoungGen      total 142848K, used 133417K [0x00000000f5580000, 0x0000000100000000, 0x0000000100000000)
  eden space 113152K, 100% used [0x00000000f5580000,0x00000000fc400000,0x00000000fc400000)
  from space 29696K, 68% used [0x00000000fc400000,0x00000000fd7ca528,0x00000000fe100000)
  to   space 29696K, 0% used [0x00000000fe300000,0x00000000fe300000,0x0000000100000000)
 ParOldGen       total 200704K, used 70057K [0x00000000e0000000, 0x00000000ec400000, 0x00000000f5580000)
  object space 200704K, 34% used [0x00000000e0000000,0x00000000e446a490,0x00000000ec400000)
 Metaspace       used 88705K, capacity 97788K, committed 98072K, reserved 1134592K
  class space    used 11217K, capacity 13795K, committed 13856K, reserved 1048576K
Event: 80.060 GC heap after
Heap after GC invocations=23 (full 3):
 PSYoungGen      total 143872K, used 21769K [0x00000000f5580000, 0x0000000100000000, 0x0000000100000000)
  eden space 114176K, 0% used [0x00000000f5580000,0x00000000f5580000,0x00000000fc500000)
  from space 29696K, 73% used [0x00000000fe300000,0x00000000ff842700,0x0000000100000000)
  to   space 30208K, 0% used [0x00000000fc500000,0x00000000fc500000,0x00000000fe280000)
 ParOldGen       total 200704K, used 70065K [0x00000000e0000000, 0x00000000ec400000, 0x00000000f5580000)
  object space 200704K, 34% used [0x00000000e0000000,0x00000000e446c490,0x00000000ec400000)
 Metaspace       used 88705K, capacity 97788K, committed 98072K, reserved 1134592K
  class space    used 11217K, capacity 13795K, committed 13856K, reserved 1048576K
}
Event: 80.333 GC heap before
{Heap before GC invocations=24 (full 3):
 PSYoungGen      total 143872K, used 135945K [0x00000000f5580000, 0x0000000100000000, 0x0000000100000000)
  eden space 114176K, 100% used [0x00000000f5580000,0x00000000fc500000,0x00000000fc500000)
  from space 29696K, 73% used [0x00000000fe300000,0x00000000ff842700,0x0000000100000000)
  to   space 30208K, 0% used [0x00000000fc500000,0x00000000fc500000,0x00000000fe280000)
 ParOldGen       total 200704K, used 70065K [0x00000000e0000000, 0x00000000ec400000, 0x00000000f5580000)
  object space 200704K, 34% used [0x00000000e0000000,0x00000000e446c490,0x00000000ec400000)
 Metaspace       used 89269K, capacity 98370K, committed 98600K, reserved 1134592K
  class space    used 11264K, capacity 13876K, committed 13984K, reserved 1048576K
Event: 80.348 GC heap after
Heap after GC invocations=24 (full 3):
 PSYoungGen      total 139264K, used 24852K [0x00000000f5580000, 0x0000000100000000, 0x0000000100000000)
  eden space 114176K, 0% used [0x00000000f5580000,0x00000000f5580000,0x00000000fc500000)
  from space 25088K, 99% used [0x00000000fc500000,0x00000000fdd45240,0x00000000fdd80000)
  to   space 31232K, 0% used [0x00000000fe180000,0x00000000fe180000,0x0000000100000000)
 ParOldGen       total 200704K, used 70073K [0x00000000e0000000, 0x00000000ec400000, 0x00000000f5580000)
  object space 200704K, 34% used [0x00000000e0000000,0x00000000e446e490,0x00000000ec400000)
 Metaspace       used 89269K, capacity 98370K, committed 98600K, reserved 1134592K
  class space    used 11264K, capacity 13876K, committed 13984K, reserved 1048576K
}
Event: 80.416 GC heap before
{Heap before GC invocations=25 (full 3):
 PSYoungGen      total 139264K, used 74211K [0x00000000f5580000, 0x0000000100000000, 0x0000000100000000)
  eden space 114176K, 43% used [0x00000000f5580000,0x00000000f85b3d38,0x00000000fc500000)
  from space 25088K, 99% used [0x00000000fc500000,0x00000000fdd45240,0x00000000fdd80000)
  to   space 31232K, 0% used [0x00000000fe180000,0x00000000fe180000,0x0000000100000000)
 ParOldGen       total 200704K, used 70073K [0x00000000e0000000, 0x00000000ec400000, 0x00000000f5580000)
  object space 200704K, 34% used [0x00000000e0000000,0x00000000e446e490,0x00000000ec400000)
 Metaspace       used 89401K, capacity 98502K, committed 98600K, reserved 1134592K
  class space    used 11271K, capacity 13888K, committed 13984K, reserved 1048576K
Event: 80.436 GC heap after
Heap after GC invocations=25 (full 3):
 PSYoungGen      total 144384K, used 19584K [0x00000000f5580000, 0x0000000100000000, 0x0000000100000000)
  eden space 113152K, 0% used [0x00000000f5580000,0x00000000f5580000,0x00000000fc400000)
  from space 31232K, 62% used [0x00000000fe180000,0x00000000ff4a0098,0x0000000100000000)
  to   space 30208K, 0% used [0x00000000fc400000,0x00000000fc400000,0x00000000fe180000)
 ParOldGen       total 200704K, used 75586K [0x00000000e0000000, 0x00000000ec400000, 0x00000000f5580000)
  object space 200704K, 37% used [0x00000000e0000000,0x00000000e49d0808,0x00000000ec400000)
 Metaspace       used 89401K, capacity 98502K, committed 98600K, reserved 1134592K
  class space    used 11271K, capacity 13888K, committed 13984K, reserved 1048576K
}
Event: 80.436 GC heap before
{Heap before GC invocations=26 (full 4):
 PSYoungGen      total 144384K, used 19584K [0x00000000f5580000, 0x0000000100000000, 0x0000000100000000)
  eden space 113152K, 0% used [0x00000000f5580000,0x00000000f5580000,0x00000000fc400000)
  from space 31232K, 62% used [0x00000000fe180000,0x00000000ff4a0098,0x0000000100000000)
  to   space 30208K, 0% used [0x00000000fc400000,0x00000000fc400000,0x00000000fe180000)
 ParOldGen       total 200704K, used 75586K [0x00000000e0000000, 0x00000000ec400000, 0x00000000f5580000)
  object space 200704K, 37% used [0x00000000e0000000,0x00000000e49d0808,0x00000000ec400000)
 Metaspace       used 89401K, capacity 98502K, committed 98600K, reserved 1134592K
  class space    used 11271K, capacity 13888K, committed 13984K, reserved 1048576K
Event: 80.545 GC heap after
Heap after GC invocations=26 (full 4):
 PSYoungGen      total 144384K, used 0K [0x00000000f5580000, 0x0000000100000000, 0x0000000100000000)
  eden space 113152K, 0% used [0x00000000f5580000,0x00000000f5580000,0x00000000fc400000)
  from space 31232K, 0% used [0x00000000fe180000,0x00000000fe180000,0x0000000100000000)
  to   space 30208K, 0% used [0x00000000fc400000,0x00000000fc400000,0x00000000fe180000)
 ParOldGen       total 254464K, used 72382K [0x00000000e0000000, 0x00000000ef880000, 0x00000000f5580000)
  object space 254464K, 28% used [0x00000000e0000000,0x00000000e46af900,0x00000000ef880000)
 Metaspace       used 89342K, capacity 98352K, committed 98600K, reserved 1134592K
  class space    used 11259K, capacity 13840K, committed 13984K, reserved 1048576K
}

