# JRE version: Java(TM) SE Runtime Environment (8.0_202-b08) (build 1.8.0_202-b08)
# Java VM: Java HotSpot(TM) 64-Bit Server VM (25.202-b08 mixed mode windows-amd64 compressed oops)
Heap:
 PSYoungGen      total 137728K, used 81300K [0x00000000f5580000, 0x0000000100000000, 0x0000000100000000)
  eden space 100864K, 72% used [0x00000000f5580000,0x00000000f9d35700,0x00000000fb800000)
  from space 36864K, 21% used [0x00000000fdc00000,0x00000000fe3afa30,0x0000000100000000)
  to   space 36864K, 0% used [0x00000000fb800000,0x00000000fb800000,0x00000000fdc00000)
 ParOldGen       total 281600K, used 66904K [0x00000000e0000000, 0x00000000f1300000, 0x00000000f5580000)
  object space 281600K, 23% used [0x00000000e0000000,0x00000000e41561d8,0x00000000f1300000)
 Metaspace       used 99804K, capacity 108478K, committed 108492K, reserved 1142784K
  class space    used 12880K, capacity 15347K, committed 15348K, reserved 1048576K
GC Heap History (10 events):
Event: 16.554 GC heap before
{Heap before GC invocations=22 (full 3):
 PSYoungGen      total 139776K, used 137825K [0x00000000f5580000, 0x0000000100000000, 0x0000000100000000)
  eden space 111104K, 100% used [0x00000000f5580000,0x00000000fc200000,0x00000000fc200000)
  from space 28672K, 93% used [0x00000000fe400000,0x00000000ffe187f0,0x0000000100000000)
  to   space 31744K, 0% used [0x00000000fc200000,0x00000000fc200000,0x00000000fe100000)
 ParOldGen       total 208896K, used 47076K [0x00000000e0000000, 0x00000000ecc00000, 0x00000000f5580000)
  object space 208896K, 22% used [0x00000000e0000000,0x00000000e2df9188,0x00000000ecc00000)
 Metaspace       used 85820K, capacity 92674K, committed 92888K, reserved 1130496K
  class space    used 10770K, capacity 12797K, committed 12800K, reserved 1048576K
Event: 16.573 GC heap after
Heap after GC invocations=22 (full 3):
 PSYoungGen      total 136704K, used 25173K [0x00000000f5580000, 0x0000000100000000, 0x0000000100000000)
  eden space 111104K, 0% used [0x00000000f5580000,0x00000000f5580000,0x00000000fc200000)
  from space 25600K, 98% used [0x00000000fc200000,0x00000000fda95430,0x00000000fdb00000)
  to   space 33280K, 0% used [0x00000000fdf80000,0x00000000fdf80000,0x0000000100000000)
 ParOldGen       total 208896K, used 47084K [0x00000000e0000000, 0x00000000ecc00000, 0x00000000f5580000)
  object space 208896K, 22% used [0x00000000e0000000,0x00000000e2dfb188,0x00000000ecc00000)
 Metaspace       used 85820K, capacity 92674K, committed 92888K, reserved 1130496K
  class space    used 10770K, capacity 12797K, committed 12800K, reserved 1048576K
}
Event: 16.988 GC heap before
{Heap before GC invocations=23 (full 3):
 PSYoungGen      total 136704K, used 109689K [0x00000000f5580000, 0x0000000100000000, 0x0000000100000000)
  eden space 111104K, 76% used [0x00000000f5580000,0x00000000fa809218,0x00000000fc200000)
  from space 25600K, 98% used [0x00000000fc200000,0x00000000fda95430,0x00000000fdb00000)
  to   space 33280K, 0% used [0x00000000fdf80000,0x00000000fdf80000,0x0000000100000000)
 ParOldGen       total 208896K, used 47084K [0x00000000e0000000, 0x00000000ecc00000, 0x00000000f5580000)
  object space 208896K, 22% used [0x00000000e0000000,0x00000000e2dfb188,0x00000000ecc00000)
 Metaspace       used 90885K, capacity 98186K, committed 98380K, reserved 1134592K
  class space    used 11674K, capacity 13831K, committed 13940K, reserved 1048576K
Event: 17.003 GC heap after
Heap after GC invocations=23 (full 3):
 PSYoungGen      total 134144K, used 32035K [0x00000000f5580000, 0x0000000100000000, 0x0000000100000000)
  eden space 100864K, 0% used [0x00000000f5580000,0x00000000f5580000,0x00000000fb800000)
  from space 33280K, 96% used [0x00000000fdf80000,0x00000000ffec8c88,0x0000000100000000)
  to   space 36864K, 0% used [0x00000000fb800000,0x00000000fb800000,0x00000000fdc00000)
 ParOldGen       total 208896K, used 47092K [0x00000000e0000000, 0x00000000ecc00000, 0x00000000f5580000)
  object space 208896K, 22% used [0x00000000e0000000,0x00000000e2dfd188,0x00000000ecc00000)
 Metaspace       used 90885K, capacity 98186K, committed 98380K, reserved 1134592K
  class space    used 11674K, capacity 13831K, committed 13940K, reserved 1048576K
}
Event: 17.003 GC heap before
{Heap before GC invocations=24 (full 4):
 PSYoungGen      total 134144K, used 32035K [0x00000000f5580000, 0x0000000100000000, 0x0000000100000000)
  eden space 100864K, 0% used [0x00000000f5580000,0x00000000f5580000,0x00000000fb800000)
  from space 33280K, 96% used [0x00000000fdf80000,0x00000000ffec8c88,0x0000000100000000)
  to   space 36864K, 0% used [0x00000000fb800000,0x00000000fb800000,0x00000000fdc00000)
 ParOldGen       total 208896K, used 47092K [0x00000000e0000000, 0x00000000ecc00000, 0x00000000f5580000)
  object space 208896K, 22% used [0x00000000e0000000,0x00000000e2dfd188,0x00000000ecc00000)
 Metaspace       used 90885K, capacity 98186K, committed 98380K, reserved 1134592K
  class space    used 11674K, capacity 13831K, committed 13940K, reserved 1048576K
Event: 17.091 GC heap after
Heap after GC invocations=24 (full 4):
 PSYoungGen      total 134144K, used 0K [0x00000000f5580000, 0x0000000100000000, 0x0000000100000000)
  eden space 100864K, 0% used [0x00000000f5580000,0x00000000f5580000,0x00000000fb800000)
  from space 33280K, 0% used [0x00000000fdf80000,0x00000000fdf80000,0x0000000100000000)
  to   space 36864K, 0% used [0x00000000fb800000,0x00000000fb800000,0x00000000fdc00000)
 ParOldGen       total 281600K, used 66888K [0x00000000e0000000, 0x00000000f1300000, 0x00000000f5580000)
  object space 281600K, 23% used [0x00000000e0000000,0x00000000e41521d8,0x00000000f1300000)
 Metaspace       used 90775K, capacity 97910K, committed 98380K, reserved 1134592K
  class space    used 11652K, capacity 13739K, committed 13940K, reserved 1048576K
}
Event: 17.825 GC heap before
{Heap before GC invocations=25 (full 4):
 PSYoungGen      total 134144K, used 100864K [0x00000000f5580000, 0x0000000100000000, 0x0000000100000000)
  eden space 100864K, 100% used [0x00000000f5580000,0x00000000fb800000,0x00000000fb800000)
  from space 33280K, 0% used [0x00000000fdf80000,0x00000000fdf80000,0x0000000100000000)
  to   space 36864K, 0% used [0x00000000fb800000,0x00000000fb800000,0x00000000fdc00000)
 ParOldGen       total 281600K, used 66888K [0x00000000e0000000, 0x00000000f1300000, 0x00000000f5580000)
  object space 281600K, 23% used [0x00000000e0000000,0x00000000e41521d8,0x00000000f1300000)
 Metaspace       used 96043K, capacity 104040K, committed 104396K, reserved 1138688K
  class space    used 12408K, capacity 14713K, committed 14836K, reserved 1048576K
Event: 17.832 GC heap after
Heap after GC invocations=25 (full 4):
 PSYoungGen      total 137728K, used 10416K [0x00000000f5580000, 0x0000000100000000, 0x0000000100000000)
  eden space 100864K, 0% used [0x00000000f5580000,0x00000000f5580000,0x00000000fb800000)
  from space 36864K, 28% used [0x00000000fb800000,0x00000000fc22c3c8,0x00000000fdc00000)
  to   space 36864K, 0% used [0x00000000fdc00000,0x00000000fdc00000,0x0000000100000000)
 ParOldGen       total 281600K, used 66896K [0x00000000e0000000, 0x00000000f1300000, 0x00000000f5580000)
  object space 281600K, 23% used [0x00000000e0000000,0x00000000e41541d8,0x00000000f1300000)
 Metaspace       used 96043K, capacity 104040K, committed 104396K, reserved 1138688K
  class space    used 12408K, capacity 14713K, committed 14836K, reserved 1048576K
}
Event: 18.295 GC heap before
{Heap before GC invocations=26 (full 4):
 PSYoungGen      total 137728K, used 111280K [0x00000000f5580000, 0x0000000100000000, 0x0000000100000000)
  eden space 100864K, 100% used [0x00000000f5580000,0x00000000fb800000,0x00000000fb800000)
  from space 36864K, 28% used [0x00000000fb800000,0x00000000fc22c3c8,0x00000000fdc00000)
  to   space 36864K, 0% used [0x00000000fdc00000,0x00000000fdc00000,0x0000000100000000)
 ParOldGen       total 281600K, used 66896K [0x00000000e0000000, 0x00000000f1300000, 0x00000000f5580000)
  object space 281600K, 23% used [0x00000000e0000000,0x00000000e41541d8,0x00000000f1300000)
 Metaspace       used 99150K, capacity 107884K, committed 107980K, reserved 1142784K
  class space    used 12830K, capacity 15273K, committed 15348K, reserved 1048576K
Event: 18.300 GC heap after
Heap after GC invocations=26 (full 4):
 PSYoungGen      total 137728K, used 7870K [0x00000000f5580000, 0x0000000100000000, 0x0000000100000000)
  eden space 100864K, 0% used [0x00000000f5580000,0x00000000f5580000,0x00000000fb800000)
  from space 36864K, 21% used [0x00000000fdc00000,0x00000000fe3afa30,0x0000000100000000)
  to   space 36864K, 0% used [0x00000000fb800000,0x00000000fb800000,0x00000000fdc00000)
 ParOldGen       total 281600K, used 66904K [0x00000000e0000000, 0x00000000f1300000, 0x00000000f5580000)
  object space 281600K, 23% used [0x00000000e0000000,0x00000000e41561d8,0x00000000f1300000)
 Metaspace       used 99150K, capacity 107884K, committed 107980K, reserved 1142784K
  class space    used 12830K, capacity 15273K, committed 15348K, reserved 1048576K
}

