# JRE version: Java(TM) SE Runtime Environment (8.0_202-b08) (build 1.8.0_202-b08)
# Java VM: Java HotSpot(TM) 64-Bit Server VM (25.202-b08 mixed mode windows-amd64 compressed oops)
Heap:
 PSYoungGen      total 148480K, used 132203K [0x00000000f5580000, 0x0000000100000000, 0x0000000100000000)
  eden space 127488K, 87% used [0x00000000f5580000,0x00000000fc260428,0x00000000fd200000)
  from space 20992K, 98% used [0x00000000fd200000,0x00000000fe63aaa0,0x00000000fe680000)
  to   space 25088K, 0% used [0x00000000fe780000,0x00000000fe780000,0x0000000100000000)
 ParOldGen       total 178176K, used 50546K [0x00000000e0000000, 0x00000000eae00000, 0x00000000f5580000)
  object space 178176K, 28% used [0x00000000e0000000,0x00000000e315c830,0x00000000eae00000)
 Metaspace       used 67288K, capacity 74782K, committed 75032K, reserved 1114112K
  class space    used 8506K, capacity 10727K, committed 10800K, reserved 1048576K
GC Heap History (10 events):
Event: 13.662 GC heap before
{Heap before GC invocations=12 (full 2):
 PSYoungGen      total 152064K, used 142036K [0x00000000f5580000, 0x00000000fff80000, 0x0000000100000000)
  eden space 129536K, 100% used [0x00000000f5580000,0x00000000fd400000,0x00000000fd400000)
  from space 22528K, 55% used [0x00000000fd400000,0x00000000fe035328,0x00000000fea00000)
  to   space 22016K, 0% used [0x00000000fea00000,0x00000000fea00000,0x00000000fff80000)
 ParOldGen       total 144384K, used 33125K [0x00000000e0000000, 0x00000000e8d00000, 0x00000000f5580000)
  object space 144384K, 22% used [0x00000000e0000000,0x00000000e2059790,0x00000000e8d00000)
 Metaspace       used 52984K, capacity 58242K, committed 58408K, reserved 1099776K
  class space    used 6383K, capacity 7908K, committed 7984K, reserved 1048576K
Event: 13.673 GC heap after
Heap after GC invocations=12 (full 2):
 PSYoungGen      total 152064K, used 17095K [0x00000000f5580000, 0x00000000fff80000, 0x0000000100000000)
  eden space 130048K, 0% used [0x00000000f5580000,0x00000000f5580000,0x00000000fd480000)
  from space 22016K, 77% used [0x00000000fea00000,0x00000000ffab1d78,0x00000000fff80000)
  to   space 22016K, 0% used [0x00000000fd480000,0x00000000fd480000,0x00000000fea00000)
 ParOldGen       total 144384K, used 33133K [0x00000000e0000000, 0x00000000e8d00000, 0x00000000f5580000)
  object space 144384K, 22% used [0x00000000e0000000,0x00000000e205b790,0x00000000e8d00000)
 Metaspace       used 52984K, capacity 58242K, committed 58408K, reserved 1099776K
  class space    used 6383K, capacity 7908K, committed 7984K, reserved 1048576K
}
Event: 13.718 GC heap before
{Heap before GC invocations=13 (full 2):
 PSYoungGen      total 152064K, used 39797K [0x00000000f5580000, 0x00000000fff80000, 0x0000000100000000)
  eden space 130048K, 17% used [0x00000000f5580000,0x00000000f6bab830,0x00000000fd480000)
  from space 22016K, 77% used [0x00000000fea00000,0x00000000ffab1d78,0x00000000fff80000)
  to   space 22016K, 0% used [0x00000000fd480000,0x00000000fd480000,0x00000000fea00000)
 ParOldGen       total 144384K, used 33133K [0x00000000e0000000, 0x00000000e8d00000, 0x00000000f5580000)
  object space 144384K, 22% used [0x00000000e0000000,0x00000000e205b790,0x00000000e8d00000)
 Metaspace       used 53541K, capacity 58920K, committed 59160K, reserved 1099776K
  class space    used 6427K, capacity 7958K, committed 7984K, reserved 1048576K
Event: 13.731 GC heap after
Heap after GC invocations=13 (full 2):
 PSYoungGen      total 152064K, used 21995K [0x00000000f5580000, 0x0000000100000000, 0x0000000100000000)
  eden space 130048K, 0% used [0x00000000f5580000,0x00000000f5580000,0x00000000fd480000)
  from space 22016K, 99% used [0x00000000fd480000,0x00000000fe9fae60,0x00000000fea00000)
  to   space 22528K, 0% used [0x00000000fea00000,0x00000000fea00000,0x0000000100000000)
 ParOldGen       total 144384K, used 34218K [0x00000000e0000000, 0x00000000e8d00000, 0x00000000f5580000)
  object space 144384K, 23% used [0x00000000e0000000,0x00000000e216a858,0x00000000e8d00000)
 Metaspace       used 53541K, capacity 58920K, committed 59160K, reserved 1099776K
  class space    used 6427K, capacity 7958K, committed 7984K, reserved 1048576K
}
Event: 13.731 GC heap before
{Heap before GC invocations=14 (full 3):
 PSYoungGen      total 152064K, used 21995K [0x00000000f5580000, 0x0000000100000000, 0x0000000100000000)
  eden space 130048K, 0% used [0x00000000f5580000,0x00000000f5580000,0x00000000fd480000)
  from space 22016K, 99% used [0x00000000fd480000,0x00000000fe9fae60,0x00000000fea00000)
  to   space 22528K, 0% used [0x00000000fea00000,0x00000000fea00000,0x0000000100000000)
 ParOldGen       total 144384K, used 34218K [0x00000000e0000000, 0x00000000e8d00000, 0x00000000f5580000)
  object space 144384K, 23% used [0x00000000e0000000,0x00000000e216a858,0x00000000e8d00000)
 Metaspace       used 53541K, capacity 58920K, committed 59160K, reserved 1099776K
  class space    used 6427K, capacity 7958K, committed 7984K, reserved 1048576K
Event: 13.924 GC heap after
Heap after GC invocations=14 (full 3):
 PSYoungGen      total 152064K, used 0K [0x00000000f5580000, 0x0000000100000000, 0x0000000100000000)
  eden space 130048K, 0% used [0x00000000f5580000,0x00000000f5580000,0x00000000fd480000)
  from space 22016K, 0% used [0x00000000fd480000,0x00000000fd480000,0x00000000fea00000)
  to   space 22528K, 0% used [0x00000000fea00000,0x00000000fea00000,0x0000000100000000)
 ParOldGen       total 178176K, used 50538K [0x00000000e0000000, 0x00000000eae00000, 0x00000000f5580000)
  object space 178176K, 28% used [0x00000000e0000000,0x00000000e315a830,0x00000000eae00000)
 Metaspace       used 53538K, capacity 58914K, committed 59160K, reserved 1099776K
  class space    used 6427K, capacity 7956K, committed 7984K, reserved 1048576K
}
Event: 14.293 GC heap before
{Heap before GC invocations=15 (full 3):
 PSYoungGen      total 152064K, used 130048K [0x00000000f5580000, 0x0000000100000000, 0x0000000100000000)
  eden space 130048K, 100% used [0x00000000f5580000,0x00000000fd480000,0x00000000fd480000)
  from space 22016K, 0% used [0x00000000fd480000,0x00000000fd480000,0x00000000fea00000)
  to   space 22528K, 0% used [0x00000000fea00000,0x00000000fea00000,0x0000000100000000)
 ParOldGen       total 178176K, used 50538K [0x00000000e0000000, 0x00000000eae00000, 0x00000000f5580000)
  object space 178176K, 28% used [0x00000000e0000000,0x00000000e315a830,0x00000000eae00000)
 Metaspace       used 59676K, capacity 65654K, committed 65944K, reserved 1105920K
  class space    used 7537K, capacity 9316K, committed 9392K, reserved 1048576K
Event: 14.306 GC heap after
Heap after GC invocations=15 (full 3):
 PSYoungGen      total 150016K, used 15198K [0x00000000f5580000, 0x0000000100000000, 0x0000000100000000)
  eden space 127488K, 0% used [0x00000000f5580000,0x00000000f5580000,0x00000000fd200000)
  from space 22528K, 67% used [0x00000000fea00000,0x00000000ff8d78d0,0x0000000100000000)
  to   space 23552K, 0% used [0x00000000fd200000,0x00000000fd200000,0x00000000fe900000)
 ParOldGen       total 178176K, used 50538K [0x00000000e0000000, 0x00000000eae00000, 0x00000000f5580000)
  object space 178176K, 28% used [0x00000000e0000000,0x00000000e315a830,0x00000000eae00000)
 Metaspace       used 59676K, capacity 65654K, committed 65944K, reserved 1105920K
  class space    used 7537K, capacity 9316K, committed 9392K, reserved 1048576K
}
Event: 14.658 GC heap before
{Heap before GC invocations=16 (full 3):
 PSYoungGen      total 150016K, used 142686K [0x00000000f5580000, 0x0000000100000000, 0x0000000100000000)
  eden space 127488K, 100% used [0x00000000f5580000,0x00000000fd200000,0x00000000fd200000)
  from space 22528K, 67% used [0x00000000fea00000,0x00000000ff8d78d0,0x0000000100000000)
  to   space 23552K, 0% used [0x00000000fd200000,0x00000000fd200000,0x00000000fe900000)
 ParOldGen       total 178176K, used 50538K [0x00000000e0000000, 0x00000000eae00000, 0x00000000f5580000)
  object space 178176K, 28% used [0x00000000e0000000,0x00000000e315a830,0x00000000eae00000)
 Metaspace       used 65051K, capacity 71680K, committed 71960K, reserved 1112064K
  class space    used 8224K, capacity 10200K, committed 10288K, reserved 1048576K
Event: 14.667 GC heap after
Heap after GC invocations=16 (full 3):
 PSYoungGen      total 148480K, used 20714K [0x00000000f5580000, 0x0000000100000000, 0x0000000100000000)
  eden space 127488K, 0% used [0x00000000f5580000,0x00000000f5580000,0x00000000fd200000)
  from space 20992K, 98% used [0x00000000fd200000,0x00000000fe63aaa0,0x00000000fe680000)
  to   space 25088K, 0% used [0x00000000fe780000,0x00000000fe780000,0x0000000100000000)
 ParOldGen       total 178176K, used 50546K [0x00000000e0000000, 0x00000000eae00000, 0x00000000f5580000)
  object space 178176K, 28% used [0x00000000e0000000,0x00000000e315c830,0x00000000eae00000)
 Metaspace       used 65051K, capacity 71680K, committed 71960K, reserved 1112064K
  class space    used 8224K, capacity 10200K, committed 10288K, reserved 1048576K
}

