# JRE version: Java(TM) SE Runtime Environment (8.0_202-b08) (build 1.8.0_202-b08)
# Java VM: Java HotSpot(TM) 64-Bit Server VM (25.202-b08 mixed mode windows-amd64 compressed oops)
Heap:
 PSYoungGen      total 75776K, used 54527K [0x00000000f5580000, 0x00000000faa00000, 0x0000000100000000)
  eden space 65024K, 67% used [0x00000000f5580000,0x00000000f80452f8,0x00000000f9500000)
  from space 10752K, 99% used [0x00000000f9f80000,0x00000000fa9fac78,0x00000000faa00000)
  to   space 10752K, 9% used [0x00000000f9500000,0x00000000f9606d78,0x00000000f9f80000)
 ParOldGen       total 173568K, used 9805K [0x00000000e0000000, 0x00000000ea980000, 0x00000000f5580000)
  object space 173568K, 5% used [0x00000000e0000000,0x00000000e0993738,0x00000000ea980000)
 Metaspace       used 14801K, capacity 16433K, committed 16640K, reserved 1064960K
  class space    used 1661K, capacity 2048K, committed 2048K, reserved 1048576K
GC Heap History (4 events):
Event: 0.671 GC heap before
{Heap before GC invocations=1 (full 0):
 PSYoungGen      total 75776K, used 65024K [0x00000000f5580000, 0x00000000faa00000, 0x0000000100000000)
  eden space 65024K, 100% used [0x00000000f5580000,0x00000000f9500000,0x00000000f9500000)
  from space 10752K, 0% used [0x00000000f9f80000,0x00000000f9f80000,0x00000000faa00000)
  to   space 10752K, 0% used [0x00000000f9500000,0x00000000f9500000,0x00000000f9f80000)
 ParOldGen       total 173568K, used 0K [0x00000000e0000000, 0x00000000ea980000, 0x00000000f5580000)
  object space 173568K, 0% used [0x00000000e0000000,0x00000000e0000000,0x00000000ea980000)
 Metaspace       used 6798K, capacity 7048K, committed 7296K, reserved 1056768K
  class space    used 726K, capacity 840K, committed 896K, reserved 1048576K
Event: 0.678 GC heap after
Heap after GC invocations=1 (full 0):
 PSYoungGen      total 75776K, used 10746K [0x00000000f5580000, 0x00000000faa00000, 0x0000000100000000)
  eden space 65024K, 0% used [0x00000000f5580000,0x00000000f5580000,0x00000000f9500000)
  from space 10752K, 99% used [0x00000000f9500000,0x00000000f9f7eaa8,0x00000000f9f80000)
  to   space 10752K, 0% used [0x00000000f9f80000,0x00000000f9f80000,0x00000000faa00000)
 ParOldGen       total 173568K, used 2279K [0x00000000e0000000, 0x00000000ea980000, 0x00000000f5580000)
  object space 173568K, 1% used [0x00000000e0000000,0x00000000e0239d78,0x00000000ea980000)
 Metaspace       used 6798K, capacity 7048K, committed 7296K, reserved 1056768K
  class space    used 726K, capacity 840K, committed 896K, reserved 1048576K
}
Event: 6.086 GC heap before
{Heap before GC invocations=2 (full 0):
 PSYoungGen      total 75776K, used 75770K [0x00000000f5580000, 0x00000000faa00000, 0x0000000100000000)
  eden space 65024K, 100% used [0x00000000f5580000,0x00000000f9500000,0x00000000f9500000)
  from space 10752K, 99% used [0x00000000f9500000,0x00000000f9f7eaa8,0x00000000f9f80000)
  to   space 10752K, 0% used [0x00000000f9f80000,0x00000000f9f80000,0x00000000faa00000)
 ParOldGen       total 173568K, used 2279K [0x00000000e0000000, 0x00000000ea980000, 0x00000000f5580000)
  object space 173568K, 1% used [0x00000000e0000000,0x00000000e0239d78,0x00000000ea980000)
 Metaspace       used 11937K, capacity 13014K, committed 13184K, reserved 1060864K
  class space    used 1336K, capacity 1617K, committed 1664K, reserved 1048576K
Event: 6.093 GC heap after
Heap after GC invocations=2 (full 0):
 PSYoungGen      total 75776K, used 10731K [0x00000000f5580000, 0x00000000faa00000, 0x0000000100000000)
  eden space 65024K, 0% used [0x00000000f5580000,0x00000000f5580000,0x00000000f9500000)
  from space 10752K, 99% used [0x00000000f9f80000,0x00000000fa9fac78,0x00000000faa00000)
  to   space 10752K, 0% used [0x00000000f9500000,0x00000000f9500000,0x00000000f9f80000)
 ParOldGen       total 173568K, used 9805K [0x00000000e0000000, 0x00000000ea980000, 0x00000000f5580000)
  object space 173568K, 5% used [0x00000000e0000000,0x00000000e0993738,0x00000000ea980000)
 Metaspace       used 11937K, capacity 13014K, committed 13184K, reserved 1060864K
  class space    used 1336K, capacity 1617K, committed 1664K, reserved 1048576K
}

